  Lab-3.c
D:\D Documents\VS Code Docs\Data-Structure-Algorithms\Sem2\Lab-3\Lab-3\Lab-3.c(17,31): warning C4133: =: несовместимые типы - из "char *" в "LPCWSTR"
D:\D Documents\VS Code Docs\Data-Structure-Algorithms\Sem2\Lab-3\Lab-3\Lab-3.c(43,1): warning C4133: функция: несовместимые типы - из "char [21]" в "LPCWSTR"
D:\D Documents\VS Code Docs\Data-Structure-Algorithms\Sem2\Lab-3\Lab-3\Lab-3.c(48,25): warning C4244: return: преобразование "WPARAM" в "int", возможна потеря данных
D:\D Documents\VS Code Docs\Data-Structure-Algorithms\Sem2\Lab-3\Lab-3\Lab-3.c(55,17): warning C4244: return: преобразование "WPARAM" в "int", возможна потеря данных
D:\D Documents\VS Code Docs\Data-Structure-Algorithms\Sem2\Lab-3\Lab-3\Lab-3.c(62,13): warning C4244: =: преобразование "double" в "int", возможна потеря данных
D:\D Documents\VS Code Docs\Data-Structure-Algorithms\Sem2\Lab-3\Lab-3\Lab-3.c(63,13): warning C4244: =: преобразование "double" в "int", возможна потеря данных
D:\D Documents\VS Code Docs\Data-Structure-Algorithms\Sem2\Lab-3\Lab-3\Lab-3.c(64,13): warning C4244: =: преобразование "double" в "int", возможна потеря данных
D:\D Documents\VS Code Docs\Data-Structure-Algorithms\Sem2\Lab-3\Lab-3\Lab-3.c(65,13): warning C4244: =: преобразование "double" в "int", возможна потеря данных
D:\D Documents\VS Code Docs\Data-Structure-Algorithms\Sem2\Lab-3\Lab-3\Lab-3.c(86,21): warning C4244: =: преобразование "double" в "float", возможна потеря данных
D:\D Documents\VS Code Docs\Data-Structure-Algorithms\Sem2\Lab-3\Lab-3\Lab-3.c(90,21): warning C4244: =: преобразование "double" в "float", возможна потеря данных
D:\D Documents\VS Code Docs\Data-Structure-Algorithms\Sem2\Lab-3\Lab-3\Lab-3.c(75,29): warning C4244: инициализация: преобразование "int" в "float", возможна потеря данных
D:\D Documents\VS Code Docs\Data-Structure-Algorithms\Sem2\Lab-3\Lab-3\Lab-3.c(78,24): warning C4244: инициализация: преобразование "double" в "float", возможна потеря данных
D:\D Documents\VS Code Docs\Data-Structure-Algorithms\Sem2\Lab-3\Lab-3\Lab-3.c(81,16): warning C4244: инициализация: преобразование "double" в "float", возможна потеря данных
D:\D Documents\VS Code Docs\Data-Structure-Algorithms\Sem2\Lab-3\Lab-3\Lab-3.c(122,15): warning C4244: функция: преобразование "time_t" в "unsigned int", возможна потеря данных
D:\D Documents\VS Code Docs\Data-Structure-Algorithms\Sem2\Lab-3\Lab-3\Lab-3.c(158,60): warning C4133: функция: несовместимые типы - из "char *" в "LPCWSTR"
D:\D Documents\VS Code Docs\Data-Structure-Algorithms\Sem2\Lab-3\Lab-3\Lab-3.c(115,1): warning C4133: инициализация: несовместимые типы - из "unsigned short [3]" в "char *"
D:\D Documents\VS Code Docs\Data-Structure-Algorithms\Sem2\Lab-3\Lab-3\Lab-3.c(121,19): warning C4101: x_offset: неиспользованная локальная переменная
D:\D Documents\VS Code Docs\Data-Structure-Algorithms\Sem2\Lab-3\Lab-3\Lab-3.c(121,29): warning C4101: y_offset: неиспользованная локальная переменная
D:\D Documents\VS Code Docs\Data-Structure-Algorithms\Sem2\Lab-3\Lab-3\Lab-3.c(168): warning C4715: WndProc: значение возвращается не при всех путях выполнения
  Lab-3.vcxproj -> D:\D Documents\VS Code Docs\Data-Structure-Algorithms\Sem2\Lab-3\x64\Debug\Lab-3.exe
